[debug] [2021-08-22T15:02:12.229Z] ----------------------------------------------------------------------
[debug] [2021-08-22T15:02:12.232Z] Command:       C:\Program Files\nodejs\node.exe C:\Users\skbak\AppData\Roaming\npm\node_modules\firebase-tools\lib\bin\firebase.js init
[debug] [2021-08-22T15:02:12.233Z] CLI Version:   9.14.0
[debug] [2021-08-22T15:02:12.233Z] Platform:      win32
[debug] [2021-08-22T15:02:12.234Z] Node Version:  v16.3.0
[debug] [2021-08-22T15:02:12.235Z] Time:          Sun Aug 22 2021 20:02:12 GMT+0500 (Pakistan Standard Time)
[debug] [2021-08-22T15:02:12.236Z] ----------------------------------------------------------------------
[debug] 
[debug] [2021-08-22T15:02:12.245Z] > command requires scopes: ["email","openid","https://www.googleapis.com/auth/cloudplatformprojects.readonly","https://www.googleapis.com/auth/firebase","https://www.googleapis.com/auth/cloud-platform"]
[debug] [2021-08-22T15:02:12.245Z] > authorizing via signed-in user (skbakhat0@gmail.com)
[info] 
     ######## #### ########  ######## ########     ###     ######  ########
     ##        ##  ##     ## ##       ##     ##  ##   ##  ##       ##
     ######    ##  ########  ######   ########  #########  ######  ######
     ##        ##  ##    ##  ##       ##     ## ##     ##       ## ##
     ##       #### ##     ## ######## ########  ##     ##  ######  ########

You're about to initialize a Firebase project in this directory:

  C:\Users\skbak\Desktop\Hackathon\yummy

Before we get started, keep in mind:

  * You are initializing within an existing Firebase project directory

[info] 
=== Project Setup
[info] 
[info] First, let's associate this project directory with a Firebase project.
[info] You can create multiple project aliases by running firebase use --add, 
[info] but for now we'll just set up a default project.
[info] 
[info] i  .firebaserc already has a default project, using hackaton-fa737. 
[debug] [2021-08-22T15:02:32.648Z] >>> [apiv2][query] GET https://firebase.googleapis.com/v1beta1/projects/hackaton-fa737 [none]
[debug] [2021-08-22T15:02:33.413Z] <<< [apiv2][status] GET https://firebase.googleapis.com/v1beta1/projects/hackaton-fa737 200
[debug] [2021-08-22T15:02:33.413Z] <<< [apiv2][body] GET https://firebase.googleapis.com/v1beta1/projects/hackaton-fa737 {"projectId":"hackaton-fa737","projectNumber":"302325543175","displayName":"hackaton","name":"projects/hackaton-fa737","resources":{"hostingSite":"hackaton-fa737"},"state":"ACTIVE"}
[info] 
=== Hosting Setup
[info] 
[info] Your public directory is the folder (relative to your project directory) that
[info] will contain Hosting assets to be uploaded with firebase deploy. If you
[info] have a build process for your assets, use your build's output directory.
[info] 
[debug] [2021-08-22T15:03:30.942Z] >>> [apiv2][query] GET https://www.gstatic.com/firebasejs/releases.json [none]
[debug] [2021-08-22T15:03:31.316Z] <<< [apiv2][status] GET https://www.gstatic.com/firebasejs/releases.json 200
[debug] [2021-08-22T15:03:31.316Z] <<< [apiv2][body] GET https://www.gstatic.com/firebasejs/releases.json {"current":{"version":"8.10.0","browserURL":"https://www.gstatic.com/firebasejs/8.10.0/firebase.js","packageURL":"https://www.gstatic.com/firebasejs/8.10.0/firebase.tgz"},"live":{"version":"8.10","browserURL":"https://www.gstatic.com/firebasejs/live/8.10/firebase.js","packageURL":"https://www.gstatic.com/firebasejs/live/8.10/firebase.tgz"},"components":{"analytics":"https://www.gstatic.com/firebasejs/8.10.0/firebase-analytics.js","app":"https://www.gstatic.com/firebasejs/8.10.0/firebase-app.js","app-check":"https://www.gstatic.com/firebasejs/8.10.0/firebase-app-check.js","auth":"https://www.gstatic.com/firebasejs/8.10.0/firebase-auth.js","database":"https://www.gstatic.com/firebasejs/8.10.0/firebase-database.js","firestore":"https://www.gstatic.com/firebasejs/8.10.0/firebase-firestore.js","functions":"https://www.gstatic.com/firebasejs/8.10.0/firebase-functions.js","installations":"https://www.gstatic.com/firebasejs/8.10.0/firebase-installations.js","messaging":"https://www.gstatic.com/firebasejs/8.10.0/firebase-messaging.js","storage":"https://www.gstatic.com/firebasejs/8.10.0/firebase-storage.js","performance":"https://www.gstatic.com/firebasejs/8.10.0/firebase-performance.js","remote-config":"https://www.gstatic.com/firebasejs/8.10.0/firebase-remote-config.js","firestore.memory":"https://www.gstatic.com/firebasejs/8.10.0/firebase-firestore.memory.js"}}
[info] +  Wrote public/index.html 
[info] 
[info] i  Detected a .git folder at C:\Users\skbak\Desktop\Hackathon\yummy 
[info] i  Authorizing with GitHub to upload your service account to a GitHub repository's secrets store. 
[info] 
[info] Visit this URL on this device to log in:
[info] https://github.com/login/oauth/authorize?client_id=89cf50f02ac6aaed3484&state=677971127&redirect_uri=http%3A%2F%2Flocalhost%3A9005&scope=read%3Auser%20repo%20public_repo
[info] 
[info] Waiting for authentication...
[debug] [2021-08-22T15:03:39.067Z] >>> HTTP REQUEST POST https://github.com/login/oauth/access_token  
 {"client_id":"89cf50f02ac6aaed3484","client_secret":"3330d14abc895d9a74d5f17cd7a00711fa2c5bf0","code":"81fc0e38835d26fc1630","redirect_uri":"http://localhost:9005","state":"677971127"}
[debug] [2021-08-22T15:03:39.644Z] <<< HTTP RESPONSE 200 {"server":"GitHub.com","date":"Sun, 22 Aug 2021 15:03:39 GMT","content-type":"application/json; charset=utf-8","transfer-encoding":"chunked","vary":"X-PJAX, Accept-Encoding, Accept, X-Requested-With","permissions-policy":"interest-cohort=()","etag":"W/\"36753e7410fa076d8abd6c0db55861fd\"","cache-control":"max-age=0, private, must-revalidate","strict-transport-security":"max-age=31536000; includeSubdomains; preload","x-frame-options":"deny","x-content-type-options":"nosniff","x-xss-protection":"0","referrer-policy":"origin-when-cross-origin, strict-origin-when-cross-origin","expect-ct":"max-age=2592000, report-uri=\"https://api.github.com/_private/browser/errors\"","content-security-policy":"default-src 'none'; base-uri 'self'; block-all-mixed-content; connect-src 'self' uploads.github.com www.githubstatus.com collector.githubapp.com api.github.com github-cloud.s3.amazonaws.com github-production-repository-file-5c1aeb.s3.amazonaws.com github-production-upload-manifest-file-7fdce7.s3.amazonaws.com github-production-user-asset-6210df.s3.amazonaws.com cdn.optimizely.com logx.optimizely.com/v1/events translator.github.com wss://alive.github.com; font-src github.githubassets.com; form-action 'self' github.com gist.github.com; frame-ancestors 'none'; frame-src render.githubusercontent.com viewscreen.githubusercontent.com; img-src 'self' data: github.githubassets.com identicons.github.com collector.githubapp.com github-cloud.s3.amazonaws.com secured-user-images.githubusercontent.com/ *.githubusercontent.com; manifest-src 'self'; media-src 'none'; script-src github.githubassets.com; style-src 'unsafe-inline' github.githubassets.com; worker-src github.com/socket-worker-3f088aa2.js gist.github.com/socket-worker-3f088aa2.js","x-github-request-id":"CFFF:0A1C:3D20D9:4FF908:6122674B"}
[debug] [2021-08-22T15:03:39.661Z] >>> [apiv2][query] GET https://api.github.com/user [none]
[debug] [2021-08-22T15:03:40.303Z] <<< [apiv2][status] GET https://api.github.com/user 200
[debug] [2021-08-22T15:03:40.303Z] <<< [apiv2][body] GET https://api.github.com/user {"login":"skbakhat","id":76243038,"node_id":"MDQ6VXNlcjc2MjQzMDM4","avatar_url":"https://avatars.githubusercontent.com/u/76243038?v=4","gravatar_id":"","url":"https://api.github.com/users/skbakhat","html_url":"https://github.com/skbakhat","followers_url":"https://api.github.com/users/skbakhat/followers","following_url":"https://api.github.com/users/skbakhat/following{/other_user}","gists_url":"https://api.github.com/users/skbakhat/gists{/gist_id}","starred_url":"https://api.github.com/users/skbakhat/starred{/owner}{/repo}","subscriptions_url":"https://api.github.com/users/skbakhat/subscriptions","organizations_url":"https://api.github.com/users/skbakhat/orgs","repos_url":"https://api.github.com/users/skbakhat/repos","events_url":"https://api.github.com/users/skbakhat/events{/privacy}","received_events_url":"https://api.github.com/users/skbakhat/received_events","type":"User","site_admin":false,"name":"Sikandar bakhat","company":null,"blog":"","location":null,"email":null,"hireable":null,"bio":null,"twitter_username":null,"public_repos":5,"public_gists":0,"followers":0,"following":0,"created_at":"2020-12-19T07:55:05Z","updated_at":"2021-07-27T13:52:14Z","private_gists":0,"total_private_repos":1,"owned_private_repos":1,"disk_usage":0,"collaborators":0,"two_factor_authentication":false,"plan":{"name":"free","space":976562499,"collaborators":0,"private_repos":10000}}
[info] 
[info] +  Success! Logged into GitHub as skbakhat 
[info] 
[debug] [2021-08-22T15:03:50.252Z] >>> [apiv2][query] GET https://api.github.com/repos//actions/secrets/public-key type=owner
[debug] [2021-08-22T15:03:50.803Z] <<< [apiv2][status] GET https://api.github.com/repos//actions/secrets/public-key 404
[debug] [2021-08-22T15:03:50.803Z] <<< [apiv2][body] GET https://api.github.com/repos//actions/secrets/public-key {"message":"Not Found","documentation_url":"https://docs.github.com/rest"}
[debug] [2021-08-22T15:03:50.889Z] >>> [apiv2][query] GET https://api.github.com/repos//actions/secrets/public-key type=owner
[debug] [2021-08-22T15:03:51.496Z] <<< [apiv2][status] GET https://api.github.com/repos//actions/secrets/public-key 404
[debug] [2021-08-22T15:03:51.496Z] <<< [apiv2][body] GET https://api.github.com/repos//actions/secrets/public-key {"message":"Not Found","documentation_url":"https://docs.github.com/rest"}
[debug] [2021-08-22T15:03:52.395Z] >>> [apiv2][query] GET https://api.github.com/repos//actions/secrets/public-key type=owner
[debug] [2021-08-22T15:03:52.902Z] >>> [apiv2][query] GET https://api.github.com/repos//actions/secrets/public-key type=owner
[debug] [2021-08-22T15:03:52.933Z] <<< [apiv2][status] GET https://api.github.com/repos//actions/secrets/public-key 404
[debug] [2021-08-22T15:03:52.934Z] <<< [apiv2][body] GET https://api.github.com/repos//actions/secrets/public-key {"message":"Not Found","documentation_url":"https://docs.github.com/rest"}
[debug] [2021-08-22T15:03:53.419Z] >>> [apiv2][query] GET https://api.github.com/repos//actions/secrets/public-key type=owner
[debug] [2021-08-22T15:03:53.422Z] <<< [apiv2][status] GET https://api.github.com/repos//actions/secrets/public-key 404
[debug] [2021-08-22T15:03:53.423Z] <<< [apiv2][body] GET https://api.github.com/repos//actions/secrets/public-key {"message":"Not Found","documentation_url":"https://docs.github.com/rest"}
[debug] [2021-08-22T15:03:53.640Z] >>> [apiv2][query] GET https://api.github.com/repos//actions/secrets/public-key type=owner
[debug] [2021-08-22T15:03:53.936Z] <<< [apiv2][status] GET https://api.github.com/repos//actions/secrets/public-key 404
[debug] [2021-08-22T15:03:53.936Z] <<< [apiv2][body] GET https://api.github.com/repos//actions/secrets/public-key {"message":"Not Found","documentation_url":"https://docs.github.com/rest"}
[debug] [2021-08-22T15:03:54.168Z] <<< [apiv2][status] GET https://api.github.com/repos//actions/secrets/public-key 404
[debug] [2021-08-22T15:03:54.168Z] <<< [apiv2][body] GET https://api.github.com/repos//actions/secrets/public-key {"message":"Not Found","documentation_url":"https://docs.github.com/rest"}
[debug] [2021-08-22T15:26:37.349Z] ----------------------------------------------------------------------
[debug] [2021-08-22T15:26:37.355Z] Command:       C:\Program Files\nodejs\node.exe C:\Users\skbak\AppData\Roaming\npm\node_modules\firebase-tools\lib\bin\firebase.js init
[debug] [2021-08-22T15:26:37.355Z] CLI Version:   9.14.0
[debug] [2021-08-22T15:26:37.355Z] Platform:      win32
[debug] [2021-08-22T15:26:37.356Z] Node Version:  v16.3.0
[debug] [2021-08-22T15:26:37.357Z] Time:          Sun Aug 22 2021 20:26:37 GMT+0500 (Pakistan Standard Time)
[debug] [2021-08-22T15:26:37.357Z] ----------------------------------------------------------------------
[debug] 
[debug] [2021-08-22T15:26:37.369Z] > command requires scopes: ["email","openid","https://www.googleapis.com/auth/cloudplatformprojects.readonly","https://www.googleapis.com/auth/firebase","https://www.googleapis.com/auth/cloud-platform"]
[debug] [2021-08-22T15:26:37.369Z] > authorizing via signed-in user (skbakhat0@gmail.com)
[info] 
     ######## #### ########  ######## ########     ###     ######  ########
     ##        ##  ##     ## ##       ##     ##  ##   ##  ##       ##
     ######    ##  ########  ######   ########  #########  ######  ######
     ##        ##  ##    ##  ##       ##     ## ##     ##       ## ##
     ##       #### ##     ## ######## ########  ##     ##  ######  ########

You're about to initialize a Firebase project in this directory:

  C:\Users\skbak\Desktop\Hackathon\yummy

Before we get started, keep in mind:

  * You are initializing within an existing Firebase project directory

[info] 
=== Project Setup
[info] 
[info] First, let's associate this project directory with a Firebase project.
[info] You can create multiple project aliases by running firebase use --add, 
[info] but for now we'll just set up a default project.
[info] 
[info] i  .firebaserc already has a default project, using hackaton-fa737. 
[debug] [2021-08-22T15:28:24.776Z] >>> [apiv2][query] GET https://firebase.googleapis.com/v1beta1/projects/hackaton-fa737 [none]
[debug] [2021-08-22T15:28:25.491Z] <<< [apiv2][status] GET https://firebase.googleapis.com/v1beta1/projects/hackaton-fa737 200
[debug] [2021-08-22T15:28:25.491Z] <<< [apiv2][body] GET https://firebase.googleapis.com/v1beta1/projects/hackaton-fa737 {"projectId":"hackaton-fa737","projectNumber":"302325543175","displayName":"hackaton","name":"projects/hackaton-fa737","resources":{"hostingSite":"hackaton-fa737"},"state":"ACTIVE"}
[info] 
=== Hosting Setup
[info] 
[info] Your public directory is the folder (relative to your project directory) that
[info] will contain Hosting assets to be uploaded with firebase deploy. If you
[info] have a build process for your assets, use your build's output directory.
[info] 
[debug] [2021-08-22T15:30:11.803Z] ----------------------------------------------------------------------
[debug] [2021-08-22T15:30:11.806Z] Command:       C:\Program Files\nodejs\node.exe C:\Users\skbak\AppData\Roaming\npm\node_modules\firebase-tools\lib\bin\firebase.js init
[debug] [2021-08-22T15:30:11.807Z] CLI Version:   9.14.0
[debug] [2021-08-22T15:30:11.807Z] Platform:      win32
[debug] [2021-08-22T15:30:11.807Z] Node Version:  v16.3.0
[debug] [2021-08-22T15:30:11.808Z] Time:          Sun Aug 22 2021 20:30:11 GMT+0500 (Pakistan Standard Time)
[debug] [2021-08-22T15:30:11.809Z] ----------------------------------------------------------------------
[debug] 
[debug] [2021-08-22T15:30:11.820Z] > command requires scopes: ["email","openid","https://www.googleapis.com/auth/cloudplatformprojects.readonly","https://www.googleapis.com/auth/firebase","https://www.googleapis.com/auth/cloud-platform"]
[debug] [2021-08-22T15:30:11.820Z] > authorizing via signed-in user (skbakhat0@gmail.com)
[info] 
     ######## #### ########  ######## ########     ###     ######  ########
     ##        ##  ##     ## ##       ##     ##  ##   ##  ##       ##
     ######    ##  ########  ######   ########  #########  ######  ######
     ##        ##  ##    ##  ##       ##     ## ##     ##       ## ##
     ##       #### ##     ## ######## ########  ##     ##  ######  ########

You're about to initialize a Firebase project in this directory:

  C:\Users\skbak\Desktop\Hackathon\yummy

Before we get started, keep in mind:

  * You are initializing within an existing Firebase project directory

[info] 
=== Project Setup
[info] 
[info] First, let's associate this project directory with a Firebase project.
[info] You can create multiple project aliases by running firebase use --add, 
[info] but for now we'll just set up a default project.
[info] 
[info] i  .firebaserc already has a default project, using hackaton-fa737. 
[debug] [2021-08-22T15:30:30.794Z] >>> [apiv2][query] GET https://firebase.googleapis.com/v1beta1/projects/hackaton-fa737 [none]
[debug] [2021-08-22T15:30:31.448Z] <<< [apiv2][status] GET https://firebase.googleapis.com/v1beta1/projects/hackaton-fa737 200
[debug] [2021-08-22T15:30:31.449Z] <<< [apiv2][body] GET https://firebase.googleapis.com/v1beta1/projects/hackaton-fa737 {"projectId":"hackaton-fa737","projectNumber":"302325543175","displayName":"hackaton","name":"projects/hackaton-fa737","resources":{"hostingSite":"hackaton-fa737"},"state":"ACTIVE"}
[info] 
=== Hosting Setup
[info] 
[info] Your public directory is the folder (relative to your project directory) that
[info] will contain Hosting assets to be uploaded with firebase deploy. If you
[info] have a build process for your assets, use your build's output directory.
[info] 
[debug] [2021-08-22T15:30:48.763Z] >>> [apiv2][query] GET https://www.gstatic.com/firebasejs/releases.json [none]
[debug] [2021-08-22T15:30:49.200Z] <<< [apiv2][status] GET https://www.gstatic.com/firebasejs/releases.json 200
[debug] [2021-08-22T15:30:49.200Z] <<< [apiv2][body] GET https://www.gstatic.com/firebasejs/releases.json {"current":{"version":"8.10.0","browserURL":"https://www.gstatic.com/firebasejs/8.10.0/firebase.js","packageURL":"https://www.gstatic.com/firebasejs/8.10.0/firebase.tgz"},"live":{"version":"8.10","browserURL":"https://www.gstatic.com/firebasejs/live/8.10/firebase.js","packageURL":"https://www.gstatic.com/firebasejs/live/8.10/firebase.tgz"},"components":{"analytics":"https://www.gstatic.com/firebasejs/8.10.0/firebase-analytics.js","app":"https://www.gstatic.com/firebasejs/8.10.0/firebase-app.js","app-check":"https://www.gstatic.com/firebasejs/8.10.0/firebase-app-check.js","auth":"https://www.gstatic.com/firebasejs/8.10.0/firebase-auth.js","database":"https://www.gstatic.com/firebasejs/8.10.0/firebase-database.js","firestore":"https://www.gstatic.com/firebasejs/8.10.0/firebase-firestore.js","functions":"https://www.gstatic.com/firebasejs/8.10.0/firebase-functions.js","installations":"https://www.gstatic.com/firebasejs/8.10.0/firebase-installations.js","messaging":"https://www.gstatic.com/firebasejs/8.10.0/firebase-messaging.js","storage":"https://www.gstatic.com/firebasejs/8.10.0/firebase-storage.js","performance":"https://www.gstatic.com/firebasejs/8.10.0/firebase-performance.js","remote-config":"https://www.gstatic.com/firebasejs/8.10.0/firebase-remote-config.js","firestore.memory":"https://www.gstatic.com/firebasejs/8.10.0/firebase-firestore.memory.js"}}
